# JRE version: Java(TM) SE Runtime Environment (17.0.12+8) (build 17.0.12+8-LTS-286)
# Java VM: Java HotSpot(TM) 64-Bit Server VM (17.0.12+8-LTS-286, mixed mode, sharing, tiered, compressed oops, compressed class ptrs, g1 gc, windows-amd64)
GC Precious Log:
 CPUs: 8 total, 8 available
 Memory: 7105M
 Large Page Support: Disabled
 NUMA Support: Disabled
 Compressed Oops: Enabled (32-bit)
 Heap Region Size: 1M
 Heap Min Capacity: 8M
 Heap Initial Capacity: 112M
 Heap Max Capacity: 1778M
 Pre-touch: Disabled
 Parallel Workers: 8
 Concurrent Workers: 2
 Concurrent Refinement Workers: 8
 Periodic GC: Disabled
Heap:
 garbage-first heap   total 106496K, used 46171K [0x0000000090e00000, 0x0000000100000000)
  region size 1024K, 25 young (25600K), 3 survivors (3072K)
 Metaspace       used 45589K, committed 46016K, reserved 1114112K
  class space    used 5954K, committed 6144K, reserved 1048576K
GC Heap History (20 events):
Event: 2.584 GC heap before
{Heap before GC invocations=1 (full 0):
 garbage-first heap   total 114688K, used 32489K [0x0000000090e00000, 0x0000000100000000)
  region size 1024K, 28 young (28672K), 3 survivors (3072K)
 Metaspace       used 12121K, committed 12352K, reserved 1114112K
  class space    used 1637K, committed 1728K, reserved 1048576K
}
Event: 2.591 GC heap after
{Heap after GC invocations=2 (full 0):
 garbage-first heap   total 114688K, used 10112K [0x0000000090e00000, 0x0000000100000000)
  region size 1024K, 2 young (2048K), 2 survivors (2048K)
 Metaspace       used 12121K, committed 12352K, reserved 1114112K
  class space    used 1637K, committed 1728K, reserved 1048576K
}
Event: 3.947 GC heap before
{Heap before GC invocations=2 (full 0):
 garbage-first heap   total 114688K, used 61312K [0x0000000090e00000, 0x0000000100000000)
  region size 1024K, 53 young (54272K), 2 survivors (2048K)
 Metaspace       used 21238K, committed 21504K, reserved 1114112K
  class space    used 2685K, committed 2816K, reserved 1048576K
}
Event: 3.960 GC heap after
{Heap after GC invocations=3 (full 0):
 garbage-first heap   total 114688K, used 15483K [0x0000000090e00000, 0x0000000100000000)
  region size 1024K, 8 young (8192K), 8 survivors (8192K)
 Metaspace       used 21238K, committed 21504K, reserved 1114112K
  class space    used 2685K, committed 2816K, reserved 1048576K
}
Event: 4.886 GC heap before
{Heap before GC invocations=4 (full 0):
 garbage-first heap   total 58368K, used 42107K [0x0000000090e00000, 0x0000000100000000)
  region size 1024K, 34 young (34816K), 8 survivors (8192K)
 Metaspace       used 23609K, committed 23872K, reserved 1114112K
  class space    used 2997K, committed 3136K, reserved 1048576K
}
Event: 4.902 GC heap after
{Heap after GC invocations=5 (full 0):
 garbage-first heap   total 58368K, used 16936K [0x0000000090e00000, 0x0000000100000000)
  region size 1024K, 3 young (3072K), 3 survivors (3072K)
 Metaspace       used 23609K, committed 23872K, reserved 1114112K
  class space    used 2997K, committed 3136K, reserved 1048576K
}
Event: 4.926 GC heap before
{Heap before GC invocations=5 (full 0):
 garbage-first heap   total 58368K, used 16936K [0x0000000090e00000, 0x0000000100000000)
  region size 1024K, 4 young (4096K), 3 survivors (3072K)
 Metaspace       used 23769K, committed 24064K, reserved 1114112K
  class space    used 3006K, committed 3136K, reserved 1048576K
}
Event: 4.934 GC heap after
{Heap after GC invocations=6 (full 0):
 garbage-first heap   total 58368K, used 16976K [0x0000000090e00000, 0x0000000100000000)
  region size 1024K, 1 young (1024K), 1 survivors (1024K)
 Metaspace       used 23769K, committed 24064K, reserved 1114112K
  class space    used 3006K, committed 3136K, reserved 1048576K
}
Event: 6.241 GC heap before
{Heap before GC invocations=6 (full 0):
 garbage-first heap   total 58368K, used 39504K [0x0000000090e00000, 0x0000000100000000)
  region size 1024K, 23 young (23552K), 1 survivors (1024K)
 Metaspace       used 26364K, committed 26624K, reserved 1114112K
  class space    used 3409K, committed 3520K, reserved 1048576K
}
Event: 6.254 GC heap after
{Heap after GC invocations=7 (full 0):
 garbage-first heap   total 58368K, used 18137K [0x0000000090e00000, 0x0000000100000000)
  region size 1024K, 2 young (2048K), 2 survivors (2048K)
 Metaspace       used 26364K, committed 26624K, reserved 1114112K
  class space    used 3409K, committed 3520K, reserved 1048576K
}
Event: 7.457 GC heap before
{Heap before GC invocations=7 (full 0):
 garbage-first heap   total 58368K, used 41689K [0x0000000090e00000, 0x0000000100000000)
  region size 1024K, 25 young (25600K), 2 survivors (2048K)
 Metaspace       used 31024K, committed 31360K, reserved 1114112K
  class space    used 3983K, committed 4160K, reserved 1048576K
}
Event: 7.466 GC heap after
{Heap after GC invocations=8 (full 0):
 garbage-first heap   total 58368K, used 20051K [0x0000000090e00000, 0x0000000100000000)
  region size 1024K, 4 young (4096K), 4 survivors (4096K)
 Metaspace       used 31024K, committed 31360K, reserved 1114112K
  class space    used 3983K, committed 4160K, reserved 1048576K
}
Event: 8.340 GC heap before
{Heap before GC invocations=8 (full 0):
 garbage-first heap   total 58368K, used 42579K [0x0000000090e00000, 0x0000000100000000)
  region size 1024K, 26 young (26624K), 4 survivors (4096K)
 Metaspace       used 33300K, committed 33664K, reserved 1114112K
  class space    used 4307K, committed 4480K, reserved 1048576K
}
Event: 8.354 GC heap after
{Heap after GC invocations=9 (full 0):
 garbage-first heap   total 58368K, used 21617K [0x0000000090e00000, 0x0000000100000000)
  region size 1024K, 4 young (4096K), 4 survivors (4096K)
 Metaspace       used 33300K, committed 33664K, reserved 1114112K
  class space    used 4307K, committed 4480K, reserved 1048576K
}
Event: 8.788 GC heap before
{Heap before GC invocations=9 (full 0):
 garbage-first heap   total 58368K, used 27761K [0x0000000090e00000, 0x0000000100000000)
  region size 1024K, 11 young (11264K), 4 survivors (4096K)
 Metaspace       used 35579K, committed 35968K, reserved 1114112K
  class space    used 4528K, committed 4672K, reserved 1048576K
}
Event: 8.800 GC heap after
{Heap after GC invocations=10 (full 0):
 garbage-first heap   total 58368K, used 22343K [0x0000000090e00000, 0x0000000100000000)
  region size 1024K, 3 young (3072K), 3 survivors (3072K)
 Metaspace       used 35579K, committed 35968K, reserved 1114112K
  class space    used 4528K, committed 4672K, reserved 1048576K
}
Event: 9.778 GC heap before
{Heap before GC invocations=11 (full 0):
 garbage-first heap   total 58368K, used 43847K [0x0000000090e00000, 0x0000000100000000)
  region size 1024K, 24 young (24576K), 3 survivors (3072K)
 Metaspace       used 36569K, committed 37056K, reserved 1114112K
  class space    used 4697K, committed 4928K, reserved 1048576K
}
Event: 9.790 GC heap after
{Heap after GC invocations=12 (full 0):
 garbage-first heap   total 58368K, used 23497K [0x0000000090e00000, 0x0000000100000000)
  region size 1024K, 2 young (2048K), 2 survivors (2048K)
 Metaspace       used 36569K, committed 37056K, reserved 1114112K
  class space    used 4697K, committed 4928K, reserved 1048576K
}
Event: 10.677 GC heap before
{Heap before GC invocations=12 (full 0):
 garbage-first heap   total 58368K, used 45001K [0x0000000090e00000, 0x0000000100000000)
  region size 1024K, 24 young (24576K), 2 survivors (2048K)
 Metaspace       used 39566K, committed 40000K, reserved 1114112K
  class space    used 5106K, committed 5312K, reserved 1048576K
}
Event: 10.689 GC heap after
{Heap after GC invocations=13 (full 0):
 garbage-first heap   total 106496K, used 24667K [0x0000000090e00000, 0x0000000100000000)
  region size 1024K, 3 young (3072K), 3 survivors (3072K)
 Metaspace       used 39566K, committed 40000K, reserved 1114112K
  class space    used 5106K, committed 5312K, reserved 1048576K
}

